<?xml version="1.0" encoding="UTF-8"?>
<!-- Generated by org.testng.reporters.JUnitReportReporter -->
<testsuite hostname="DESKTOP-F37UT4F" failures="0" tests="2" name="Pack1.ContactTest" time="0.012" errors="0" timestamp="2025-07-25T12:59:18 IST" skipped="0">
  <testcase classname="Pack1.ContactTest" name="modifycontact" time="0.002"/>
  <system-out/>
  <testcase classname="Pack1.ContactTest" name="createcontacTest" time="0.010"/>
  <system-out/>
</testsuite> <!-- Pack1.ContactTest -->
